make: *** No rule to make target 'all'.  Stop.

# GNU Make 4.2.1
# Built for x86_64-pc-linux-gnu
# Copyright (C) 1988-2016 Free Software Foundation, Inc.
# License GPLv3+: GNU GPL version 3 or later <http://gnu.org/licenses/gpl.html>
# This is free software: you are free to change and redistribute it.
# There is NO WARRANTY, to the extent permitted by law.

# Make data base, printed on Fri Jun 10 20:49:37 2022

# Variables

# 'override' directive
GNUMAKEFLAGS := 
# automatic
<D = $(patsubst %/,%,$(dir $<))
# automatic
?F = $(notdir $?)
# environment
DESKTOP_SESSION = ubuntu
# default
.SHELLFLAGS := -c
# environment
AZTEKAS_PATH = /home/quique/Documents/aztekas-main
# environment
XDG_SESSION_CLASS = user
# makefile
MAKEFLAGS = pqrR
# environment
XDG_SESSION_TYPE = x11
# environment
VSCODE_LOG_NATIVE = false
# automatic
?D = $(patsubst %/,%,$(dir $?))
# environment
IM_CONFIG_PHASE = 1
# automatic
@D = $(patsubst %/,%,$(dir $@))
# environment
XAUTHORITY = /run/user/1000/gdm/Xauthority
# environment
GDMSESSION = ubuntu
# environment
XMODIFIERS = @im=ibus
# makefile
CURDIR := /home/quique/Hidro1D
# makefile
SHELL = /bin/sh
# environment
VSCODE_NLS_CONFIG = {"locale":"en-us","availableLanguages":{},"_languagePackSupport":true}
# environment
_ = /usr/share/code/code
# environment
JOURNAL_STREAM = 8:49977
# environment
XDG_CONFIG_DIRS = /etc/xdg/xdg-ubuntu:/etc/xdg
# makefile (from 'initial/Makefile', line 1)
MAKEFILE_LIST :=  Makefile methods/Makefile initial/Makefile
# automatic
@F = $(notdir $@)
# environment
GIO_LAUNCHED_DESKTOP_FILE = /usr/share/applications/code.desktop
# environment
USERNAME = quique
# environment
MAKELEVEL := 0
# environment
MANDATORY_PATH = /usr/share/gconf/ubuntu.mandatory.path
# environment
XDG_DATA_DIRS = /usr/share/ubuntu:/usr/local/share/:/usr/share/:/var/lib/snapd/desktop
# environment
DBUS_SESSION_BUS_ADDRESS = unix:path=/run/user/1000/bus
# environment
VSCODE_VERBOSE_LOGGING = true
# environment
MANAGERPID = 1921
# environment
LESSOPEN = | /usr/bin/lesspipe %s
# environment
LC_NAME = es_MX.UTF-8
# environment
VSCODE_CWD = /home/quique
# default
MAKE_HOST := x86_64-pc-linux-gnu
# environment
PATH = /home/quique/.local/bin:/home/quique/anaconda3/bin:/home/quique/anaconda3/condabin:/home/quique/.local/bin:/usr/local/sbin:/usr/local/bin:/usr/sbin:/usr/bin:/sbin:/bin:/usr/games:/usr/local/games:/snap/bin
# environment
GPG_AGENT_INFO = /run/user/1000/gnupg/S.gpg-agent:0:1
# environment
GJS_DEBUG_OUTPUT = stderr
# environment
SESSION_MANAGER = local/msi:@/tmp/.ICE-unix/2151,unix/msi:/tmp/.ICE-unix/2151
# environment
XDG_RUNTIME_DIR = /run/user/1000
# environment
CONDA_PREFIX = /home/quique/anaconda3
# environment
XDG_MENU_PREFIX = gnome-
# environment
VSCODE_LOG_STACK = false
# environment
ELECTRON_RUN_AS_NODE = 1
# environment
INVOCATION_ID = 081dc6cbc0494573b47d14e3171477dd
# default
.FEATURES := target-specific order-only second-expansion else-if shortest-stem undefine oneshell archives jobserver output-sync check-symlink load
# makefile (from 'initial/Makefile', line 5)
INITIAL := initial/SN/initial.f90
# environment
LS_COLORS = 
# environment
XDG_SESSION_DESKTOP = ubuntu
# environment
SSH_AUTH_SOCK = /run/user/1000/keyring/ssh
# environment
GIO_LAUNCHED_DESKTOP_FILE_PID = 20997
# automatic
%F = $(notdir $%)
# environment
DISPLAY = :0
# environment
CONDA_EXE = /home/quique/anaconda3/bin/conda
# environment
VSCODE_PIPE_LOGGING = true
# environment
PWD = /home/quique/Hidro1D
# makefile (from 'Makefile', line 3)
MODEL = SN
# default
.LOADED := 
# environment
SSH_AGENT_PID = 2114
# environment
ORIGINAL_XDG_CURRENT_DESKTOP = ubuntu:GNOME
# environment
GTK_MODULES = gail:atk-bridge
# environment
VSCODE_AMD_ENTRYPOINT = vs/workbench/api/node/extensionHostProcess
# environment
HOME = /home/quique
# environment
LESSCLOSE = /usr/bin/lesspipe %s %s
# environment
VSCODE_CODE_CACHE_PATH = /home/quique/.config/Code/CachedData/4af164ea3a06f701fe3e89a2bcbb421d2026b68f
# environment
LOGNAME = quique
# environment
APPLICATION_INSIGHTS_NO_DIAGNOSTIC_CHANNEL = true
# environment
CONDA_PROMPT_MODIFIER = (base) 
# automatic
+F = $(notdir $+)
# environment
VSCODE_HANDLES_UNCAUGHT_ERRORS = true
# environment
GNOME_DESKTOP_SESSION_ID = this-is-deprecated
# automatic
^D = $(patsubst %/,%,$(dir $^))
# environment
LC_TIME = es_MX.UTF-8
# environment
CONDA_DEFAULT_ENV = base
# default
MAKE = $(MAKE_COMMAND)
# default
MAKECMDGOALS := all
# environment
QT_IM_MODULE = ibus
# environment
SHLVL = 0
# environment
GNOME_SHELL_SESSION_MODE = ubuntu
# environment
VSCODE_IPC_HOOK_EXTHOST = /run/user/1000/vscode-ipc-cd88382f-62f6-4c1d-9c13-2b5c15d8af7e.sock
# default
MAKE_VERSION := 4.2.1
# environment
USER = quique
# environment
LC_MONETARY = es_MX.UTF-8
# makefile
.DEFAULT_GOAL := hidro
# makefile (from 'methods/Makefile', line 2)
SOLVE := methods/lax/method.f90
# environment
XDG_CURRENT_DESKTOP = Unity
# automatic
%D = $(patsubst %/,%,$(dir $%))
# environment
LC_TELEPHONE = es_MX.UTF-8
# environment
CONDA_SHLVL = 1
# default
MAKE_COMMAND := make
# default
.VARIABLES := 
# environment
STARS_PATH = /home/quique/Documents/Starsmodels
# automatic
*F = $(notdir $*)
# environment
VSCODE_IPC_HOOK = /run/user/1000/vscode-63f0f333-1.68.0-main.sock
# environment
SAND_PATH = /home/quique/Documents/sandpiles-models
# environment
MFLAGS = -pqrR
# automatic
*D = $(patsubst %/,%,$(dir $*))
# automatic
+D = $(patsubst %/,%,$(dir $+))
# environment
GDK_BACKEND = x11
# environment
LC_PAPER = es_MX.UTF-8
# environment
QT_ACCESSIBILITY = 1
# environment
DEFAULTS_PATH = /usr/share/gconf/ubuntu.default.path
# makefile (from 'Makefile', line 1)
METHOD = LAX
# default
MAKEFILES := 
# environment
LC_NUMERIC = es_MX.UTF-8
# automatic
<F = $(notdir $<)
# environment
LC_MEASUREMENT = es_MX.UTF-8
# environment
LC_ALL = C
# environment
CONDA_PYTHON_EXE = /home/quique/anaconda3/bin/python
# environment
GJS_DEBUG_TOPICS = JS ERROR;JS LOG
# automatic
^F = $(notdir $^)
# default
SUFFIXES := 
# environment
_CE_M = 
# environment
CHROME_DESKTOP = code-url-handler.desktop
# environment
WINDOWPATH = 2
# default
.INCLUDE_DIRS = /usr/include /usr/local/include /usr/include
# environment
LC_IDENTIFICATION = es_MX.UTF-8
# default
.RECIPEPREFIX := 
# environment
LC_ADDRESS = es_MX.UTF-8
# environment
LANG = C
# environment
VSCODE_PID = 20997
# environment
_CE_CONDA = 
# variable set hash-table stats:
# Load=123/1024=12%, Rehash=0, Collisions=27/158=17%

# Pattern-specific Variable Values

# No pattern-specific variable values.

# Directories

# . (device 2051, inode 12221082): 17 files, no impossibilities.

# 17 files, no impossibilities in 1 directories.

# Implicit Rules

# No implicit rules.

# Files

# Not a target:
physics/physics.f90:
#  Implicit rule search has not been done.
#  Modification time never checked.
#  File has not been updated.

# Not a target:
all:
#  Command line target.
#  Implicit rule search has been done.
#  File does not exist.
#  File has not been updated.

# Not a target:
initial/Makefile:
#  Implicit rule search has been done.
#  Last modified 2022-06-10 18:12:18.268023956
#  File has been updated.
#  Successfully updated.

hidro: globals.o initial.o physics.o methods.o general.o main.o
 
#  Implicit rule search has not been done.
#  Modification time never checked.
#  File has not been updated.
#  recipe to execute (from 'Makefile', line 14):
	@echo ""
	@echo ""
	@echo "...Compiling files..."
	@echo ""
	@-gfortran -o hidro main.o globals.o general.o method.o initial.o physics.o
	@echo ""
	@echo "################### Makefile parameters ###################"
	@echo "" 
	@echo " METHOD = "$(METHOD)
	@echo " PROBLEM = "$(MODEL)
	@echo ""
	@echo "###########################################################"
	@echo "" 
	

physics.o: physics/physics.f90
#  Implicit rule search has not been done.
#  Modification time never checked.
#  File has not been updated.
#  recipe to execute (from 'Makefile', line 35):
	gfortran -c -k8 physics/physics.f90

# Not a target:
general.f90:
#  Implicit rule search has not been done.
#  Modification time never checked.
#  File has not been updated.

# Not a target:
Makefile:
#  Implicit rule search has been done.
#  Last modified 2022-06-10 20:11:50.720477403
#  File has been updated.
#  Successfully updated.

general.o: general.f90
#  Implicit rule search has not been done.
#  Modification time never checked.
#  File has not been updated.
#  recipe to execute (from 'Makefile', line 41):
	gfortran -c -k8 general.f90

# Not a target:
globals.f90:
#  Implicit rule search has not been done.
#  Modification time never checked.
#  File has not been updated.

# Not a target:
initial/SN/initial.f90:
#  Implicit rule search has not been done.
#  Modification time never checked.
#  File has not been updated.

globals.o: globals.f90
#  Implicit rule search has not been done.
#  Modification time never checked.
#  File has not been updated.
#  recipe to execute (from 'Makefile', line 29):
	gfortran -c -k8 globals.f90

# Not a target:
.DEFAULT:
#  Implicit rule search has not been done.
#  Modification time never checked.
#  File has not been updated.

methods.o: methods/lax/method.f90
#  Implicit rule search has not been done.
#  Modification time never checked.
#  File has not been updated.
#  recipe to execute (from 'Makefile', line 38):
	gfortran -c -k8 $(SOLVE)

# Not a target:
methods/lax/method.f90:
#  Implicit rule search has not been done.
#  Modification time never checked.
#  File has not been updated.

clean:
#  Implicit rule search has not been done.
#  Modification time never checked.
#  File has not been updated.
#  recipe to execute (from 'Makefile', line 47):
	rm -f *.o *.mod *.dat *png hidro

# Not a target:
main.f90:
#  Implicit rule search has not been done.
#  Modification time never checked.
#  File has not been updated.

# Not a target:
methods/Makefile:
#  Implicit rule search has been done.
#  Last modified 2022-06-10 18:12:18.268023956
#  File has been updated.
#  Successfully updated.

main.o: main.f90
#  Implicit rule search has not been done.
#  Modification time never checked.
#  File has not been updated.
#  recipe to execute (from 'Makefile', line 44):
	gfortran -c -k8 main.f90

initial.o: initial/SN/initial.f90
#  Implicit rule search has not been done.
#  Modification time never checked.
#  File has not been updated.
#  recipe to execute (from 'Makefile', line 32):
	gfortran -c -k8 $(INITIAL)

# files hash-table stats:
# Load=20/1024=2%, Rehash=0, Collisions=0/50=0%
# VPATH Search Paths

# No 'vpath' search paths.

# No general ('VPATH' variable) search path.

# strcache buffers: 1 (0) / strings = 35 / storage = 370 B / avg = 10 B
# current buf: size = 8162 B / used = 370 B / count = 35 / avg = 10 B

# strcache performance: lookups = 58 / hit rate = 39%
# hash-table stats:
# Load=35/8192=0%, Rehash=0, Collisions=1/58=2%
# Finished Make data base on Fri Jun 10 20:49:37 2022

 
